<?xml version="1.0" encoding="UTF-8"?>
<coverage generated="1589074247899" clover="3.2.0">
  <project timestamp="1589074247899" name="All files">
    <metrics statements="9" coveredstatements="9" conditionals="6" coveredconditionals="6" methods="5" coveredmethods="5" elements="20" coveredelements="20" complexity="0" loc="9" ncloc="9" packages="1" files="2" classes="2">
      <file name="map-recursive.js" path="/Users/gabrieldepaulaqueiroz/_Projects/reactjs-ninja/Modulo02/jest-in-practice/src/map/map-recursive.js">
        <metrics statements="4" coveredstatements="4" conditionals="4" coveredconditionals="4" methods="3" coveredmethods="3"/>
        <line num="3" count="2" type="cond" truecount="2" falsecount="0"/>
        <line num="4" count="8" type="stmt"/>
        <line num="5" count="22" type="stmt"/>
        <line num="6" count="22" type="cond" truecount="2" falsecount="0"/>
      </file>
      <file name="map.js" path="/Users/gabrieldepaulaqueiroz/_Projects/reactjs-ninja/Modulo02/jest-in-practice/src/map/map.js">
        <metrics statements="5" coveredstatements="5" conditionals="2" coveredconditionals="2" methods="2" coveredmethods="2"/>
        <line num="3" count="2" type="cond" truecount="2" falsecount="0"/>
        <line num="4" count="8" type="stmt"/>
        <line num="5" count="8" type="stmt"/>
        <line num="6" count="14" type="stmt"/>
        <line num="8" count="8" type="stmt"/>
      </file>
    </metrics>
  </project>
</coverage>
