TN:
SF:/Users/gabrieldepaulaqueiroz/_Projects/reactjs-ninja/Modulo02/jest-in-practice/src/map/map-recursive.js
FN:3,(anonymous_0)
FN:3,(anonymous_1)
FN:4,mapInternal
FNF:3
FNH:3
FNDA:8,(anonymous_0)
FNDA:2,(anonymous_1)
FNDA:22,mapInternal
DA:3,2
DA:4,8
DA:5,22
DA:6,22
LF:4
LH:4
BRDA:3,0,0,1
BRDA:3,1,0,2
BRDA:6,2,0,8
BRDA:6,2,1,14
BRF:4
BRH:4
end_of_record
TN:
SF:/Users/gabrieldepaulaqueiroz/_Projects/reactjs-ninja/Modulo02/jest-in-practice/src/map/map.js
FN:3,(anonymous_0)
FN:3,(anonymous_1)
FNF:2
FNH:2
FNDA:8,(anonymous_0)
FNDA:2,(anonymous_1)
DA:3,2
DA:4,8
DA:5,8
DA:6,14
DA:8,8
LF:5
LH:5
BRDA:3,0,0,1
BRDA:3,1,0,2
BRF:2
BRH:2
end_of_record
